<?xml version="1.0" encoding="UTF-8"?>
<TestRun id="dfdf1038-9146-4c7f-aa10-b070cb568136" name="sandip@DELL 2015-08-20 09:22:08" runUser="Dell\sandip" xmlns="http://microsoft.com/schemas/VisualStudio/TeamTest/2010">
  <TestSettings name="Default Test Settings" id="f06281d0-6867-480b-9d97-e3d8180791d1">
    <Deployment runDeploymentRoot="sandip_DELL 2015-08-20 09_22_08">
      <DeploymentItem filename="F:\Works\TheRestaurant\Working\packages\Microsoft.AspNet.WebPages.2.0.20710.0\lib\net40\System.Web.Helpers.dll" />
      <DeploymentItem filename="F:\Works\TheRestaurant\Working\packages\Microsoft.Net.Http.2.0.20710.0\lib\net40\System.Net.Http.dll" />
      <DeploymentItem filename="F:\Works\TheRestaurant\Working\packages\Microsoft.AspNet.WebPages.2.0.20710.0\lib\net40\System.Web.WebPages.dll" />
      <DeploymentItem filename="F:\Works\TheRestaurant\Working\packages\Microsoft.Net.Http.2.0.20710.0\lib\net40\System.Net.Http.WebRequest.dll" />
      <DeploymentItem filename="F:\Works\TheRestaurant\Working\packages\Newtonsoft.Json.4.5.6\lib\net40\Newtonsoft.Json.dll" />
      <DeploymentItem filename="F:\Works\TheRestaurant\Working\packages\Microsoft.AspNet.Razor.2.0.20710.0\lib\net40\System.Web.Razor.dll" />
      <DeploymentItem filename="F:\Works\TheRestaurant\Working\packages\Microsoft.AspNet.WebPages.2.0.20710.0\lib\net40\System.Web.WebPages.Razor.dll" />
      <DeploymentItem filename="F:\Works\TheRestaurant\Working\packages\Microsoft.AspNet.WebPages.2.0.20710.0\lib\net40\System.Web.WebPages.Deployment.dll" />
      <DeploymentItem filename="F:\Works\TheRestaurant\Working\TheRestaurant\bin\TheRestaurant.dll" />
      <DeploymentItem filename="F:\Works\TheRestaurant\Working\packages\Microsoft.Web.Infrastructure.1.0.0.0\lib\net40\Microsoft.Web.Infrastructure.dll" />
      <DeploymentItem filename="F:\Works\TheRestaurant\Working\packages\Microsoft.AspNet.Mvc.4.0.20710.0\lib\net40\System.Web.Mvc.dll" />
    </Deployment>
    <Execution>
      <TestTypeSpecific />
      <AgentRule name="Execution Agents">
      </AgentRule>
    </Execution>
  </TestSettings>
  <Times creation="2015-08-20T09:22:08.5681113+10:00" queuing="2015-08-20T09:22:13.1137293+10:00" start="2015-08-20T09:22:13.4324559+10:00" finish="2015-08-20T09:22:16.6844424+10:00" />
  <ResultSummary outcome="Warning">
    <Counters total="1" executed="1" passed="1" error="0" failed="0" timeout="0" aborted="0" inconclusive="0" passedButRunAborted="0" notRunnable="0" notExecuted="0" disconnected="0" warning="0" completed="0" inProgress="0" pending="0" />
    <RunInfos>
      <RunInfo computerName="DELL" outcome="Warning" timestamp="2015-08-20T09:22:10.1863869+10:00">
        <Text>Warning: Test Run deployment issue: The assembly or module 'log4net' directly or indirectly referenced by the test container 'f:\works\therestaurant\working\therestaurant.tests\bin\debug\therestaurant.tests.dll' was not found.</Text>
      </RunInfo>
      <RunInfo computerName="DELL" outcome="Warning" timestamp="2015-08-20T09:22:10.1863869+10:00">
        <Text>Warning: Test Run deployment issue: The assembly or module 'Org.Mentalis.Security.Cryptography' directly or indirectly referenced by the test container 'f:\works\therestaurant\working\therestaurant.tests\bin\debug\therestaurant.tests.dll' was not found.</Text>
      </RunInfo>
    </RunInfos>
  </ResultSummary>
  <TestDefinitions>
    <UnitTest name="TestMethod1" storage="f:\works\therestaurant\working\therestaurant.tests\bin\debug\therestaurant.tests.dll" id="16a531f3-29f5-a759-1f42-7e7324bff4ec">
      <Execution id="13890a02-c336-4fba-a83a-fe06989c3499" />
      <TestMethod codeBase="F:/Works/TheRestaurant/Working/TheRestaurant.Tests/bin/Debug/TheRestaurant.Tests.DLL" adapterTypeName="Microsoft.VisualStudio.TestTools.TestTypes.Unit.UnitTestAdapter, Microsoft.VisualStudio.QualityTools.Tips.UnitTest.Adapter, Version=10.0.0.0, Culture=neutral, PublicKeyToken=b03f5f7f11d50a3a" className="TheRestaurant.Tests.Features.UnitTest1, TheRestaurant.Tests, Version=1.0.0.0, Culture=neutral, PublicKeyToken=null" name="TestMethod1" />
    </UnitTest>
  </TestDefinitions>
  <TestLists>
    <TestList name="Results Not in a List" id="8c84fa94-04c1-424b-9868-57a2d4851a1d" />
    <TestList name="All Loaded Results" id="19431567-8539-422a-85d7-44ee4e166bda" />
  </TestLists>
  <TestEntries>
    <TestEntry testId="16a531f3-29f5-a759-1f42-7e7324bff4ec" executionId="13890a02-c336-4fba-a83a-fe06989c3499" testListId="8c84fa94-04c1-424b-9868-57a2d4851a1d" />
  </TestEntries>
  <Results>
    <UnitTestResult executionId="13890a02-c336-4fba-a83a-fe06989c3499" testId="16a531f3-29f5-a759-1f42-7e7324bff4ec" testName="TestMethod1" computerName="DELL" duration="00:00:00.1628746" startTime="2015-08-20T09:22:13.7397517+10:00" endTime="2015-08-20T09:22:16.5328322+10:00" testType="13cdc9d9-ddb5-4fa4-a97d-d965ccfc6d4b" outcome="Passed" testListId="8c84fa94-04c1-424b-9868-57a2d4851a1d" relativeResultsDirectory="13890a02-c336-4fba-a83a-fe06989c3499">
    </UnitTestResult>
  </Results>
</TestRun>